<?xml version="1.0" encoding="UTF-8"?>
<testsuite name="ru.ulstu.is.sbapp.district.service.SbappApplicationTests" tests="4" skipped="0" failures="0" errors="0" timestamp="2023-12-13T06:00:02" hostname="DESKTOP-AGBO4M3" time="0.015">
  <properties/>
  <testcase name="testMultiplication()" classname="ru.ulstu.is.sbapp.district.service.SbappApplicationTests" time="0.011"/>
  <testcase name="testAddition()" classname="ru.ulstu.is.sbapp.district.service.SbappApplicationTests" time="0.0"/>
  <testcase name="testDivision()" classname="ru.ulstu.is.sbapp.district.service.SbappApplicationTests" time="0.002"/>
  <testcase name="testSubtraction()" classname="ru.ulstu.is.sbapp.district.service.SbappApplicationTests" time="0.001"/>
  <system-out><![CDATA[]]></system-out>
  <system-err><![CDATA[]]></system-err>
</testsuite>
