<?xml version="1.0" encoding="UTF-8"?>
<testsuite name="ru.ulstu.is.sbapp.district.service.SbappApplicationTests" tests="1" skipped="0" failures="0" errors="0" timestamp="2023-12-13T05:46:59" hostname="DESKTOP-AGBO4M3" time="0.01">
  <properties/>
  <testcase name="testAddition()" classname="ru.ulstu.is.sbapp.district.service.SbappApplicationTests" time="0.01"/>
  <system-out><![CDATA[]]></system-out>
  <system-err><![CDATA[]]></system-err>
</testsuite>
